{
  "stats": {
    "suites": 1,
    "tests": 6,
    "passes": 6,
    "pending": 0,
    "failures": 0,
    "start": "2019-10-28T10:32:43.020Z",
    "end": "2019-10-28T10:32:49.207Z",
    "duration": 6187,
    "testsRegistered": 6,
    "passPercent": 100,
    "pendingPercent": 0,
    "other": 0,
    "hasOther": false,
    "skipped": 0,
    "hasSkipped": false,
    "passPercentClass": "success",
    "pendingPercentClass": "danger"
  },
  "suites": {
    "uuid": "a316004a-5254-4a37-890b-5c600ecbc94c",
    "title": "",
    "fullFile": "",
    "file": "",
    "beforeHooks": [],
    "afterHooks": [],
    "tests": [],
    "suites": [
      {
        "uuid": "138a0a71-7373-4350-97f3-f22283d4703b",
        "title": "SignUp Page",
        "fullFile": "",
        "file": "",
        "beforeHooks": [],
        "afterHooks": [],
        "tests": [
          {
            "title": "First Name",
            "fullTitle": "SignUp Page First Name",
            "duration": 3310,
            "state": "passed",
            "speed": "slow",
            "pass": true,
            "fail": false,
            "pending": false,
            "code": "// https://on.cypress.io/type\ncy.get('.js-first-name').type('%&/').should('have.value', '%&/') // .type() with special character sequences\n.type('{leftarrow}{rightarrow}{uparrow}{downarrow}').type('{del}{selectall}{backspace}') // .type() with key modifiers\n.type('{alt}{option}') //these are equivalent\n.type('{ctrl}{control}') //these are equivalent\n.type('{meta}{command}{cmd}') //these are equivalent\n.type('{shift}') // Delay each keypress by 0.1 sec\n.type('John', {\n  delay: 100\n}).should('have.value', 'John');",
            "err": {},
            "isRoot": false,
            "uuid": "034f7e51-312f-4dea-a77a-1b1ce4bc1144",
            "isHook": false,
            "skipped": false
          },
          {
            "title": "Last Name",
            "fullTitle": "SignUp Page Last Name",
            "duration": 218,
            "state": "passed",
            "speed": "slow",
            "pass": true,
            "fail": false,
            "pending": false,
            "code": "cy.get('.js-last-name') // Ignore error checking prior to type\n// like whether the input is visible or disabled\n.type('Doe').should('have.value', 'Doe');",
            "err": {},
            "isRoot": false,
            "uuid": "0245b92b-3968-436c-a4a2-6c08514bbd4f",
            "isHook": false,
            "skipped": false
          },
          {
            "title": "Email",
            "fullTitle": "SignUp Page Email",
            "duration": 326,
            "state": "passed",
            "speed": "slow",
            "pass": true,
            "fail": false,
            "pending": false,
            "code": "var username = generate_random_string(5);\ncy.get('.js-username') // Ignore error checking prior to type\n// like whether the input is visible or disabled\n.type(username + \"@gmail.com\").should('have.value', username + \"@gmail.com\");",
            "err": {},
            "isRoot": false,
            "uuid": "cd67818d-fbb7-4a9b-a514-346c7ef91bd3",
            "isHook": false,
            "skipped": false
          },
          {
            "title": "Password",
            "fullTitle": "SignUp Page Password",
            "duration": 261,
            "state": "passed",
            "speed": "slow",
            "pass": true,
            "fail": false,
            "pending": false,
            "code": "var password = generate_random_string(10);\ncy.get('.js-password') // Ignore error checking prior to type\n// like whether the input is visible or disabled\n.type(password).should('have.value', password);",
            "err": {},
            "isRoot": false,
            "uuid": "a7780618-864a-4e97-9fc1-496ac49fabe6",
            "isHook": false,
            "skipped": false
          },
          {
            "title": "TOS",
            "fullTitle": "SignUp Page TOS",
            "duration": 87,
            "state": "passed",
            "speed": "slow",
            "pass": true,
            "fail": false,
            "pending": false,
            "code": "cy.get('.js-toc-privacy-agree-cb').click();",
            "err": {},
            "isRoot": false,
            "uuid": "6e9e7fbe-2a86-4525-94f3-52ebf73c2c96",
            "isHook": false,
            "skipped": false
          },
          {
            "title": "Click SignUp button",
            "fullTitle": "SignUp Page Click SignUp button",
            "duration": 96,
            "state": "passed",
            "speed": "slow",
            "pass": true,
            "fail": false,
            "pending": false,
            "code": "cy.get('.js-sign-up-btn').click();",
            "err": {},
            "isRoot": false,
            "uuid": "191ba83e-7442-49b4-ae8e-3b8ff8011ccb",
            "isHook": false,
            "skipped": false
          }
        ],
        "suites": [],
        "passes": [
          "034f7e51-312f-4dea-a77a-1b1ce4bc1144",
          "0245b92b-3968-436c-a4a2-6c08514bbd4f",
          "cd67818d-fbb7-4a9b-a514-346c7ef91bd3",
          "a7780618-864a-4e97-9fc1-496ac49fabe6",
          "6e9e7fbe-2a86-4525-94f3-52ebf73c2c96",
          "191ba83e-7442-49b4-ae8e-3b8ff8011ccb"
        ],
        "failures": [],
        "pending": [],
        "skipped": [],
        "duration": 4298,
        "root": false,
        "rootEmpty": false,
        "_timeout": 2000
      }
    ],
    "passes": [],
    "failures": [],
    "pending": [],
    "skipped": [],
    "duration": 0,
    "root": true,
    "rootEmpty": true,
    "_timeout": 2000
  },
  "copyrightYear": 2019
}